<?xml version="1.0" encoding="UTF-8"?>
<!-- Generated by org.testng.reporters.JUnitXMLReporter -->
<testsuite ignored="0" hostname="SagarPC" failures="0" tests="6" name="Test" time="92.088" errors="0" timestamp="2023-08-08T21:32:34 IST">
  <testcase classname="Tutorial.Demo1" name="google" time="21.632"/>
  <testcase classname="Tutorial.Demo2" name="orangehrm1" time="34.538"/>
  <testcase classname="Tutorial.Demo1" name="facebook" time="17.464"/>
  <testcase classname="Tutorial.Demo1" name="orangehrm" time="19.055"/>
  <testcase classname="Tutorial.Demo2" name="orangehrm2" time="28.689"/>
  <testcase classname="Tutorial.Demo2" name="orangehrm3" time="28.802"/>
</testsuite> <!-- Test -->
