<?xml version="1.0" encoding="UTF-8"?>
<testng-results ignored="0" total="3" passed="3" failed="0" skipped="0">
  <reporter-output>
  </reporter-output>
  <suite started-at="2023-07-18T11:19:26 IST" name="Guru99" finished-at="2023-07-18T11:19:40 IST" duration-ms="14225">
    <groups>
    </groups>
    <test started-at="2023-07-18T11:19:26 IST" name="Test" finished-at="2023-07-18T11:19:40 IST" duration-ms="14225">
      <class name="TestLayer.LogPageTest">
        <test-method is-config="true" signature="setUp()[pri:0, instance:TestLayer.LogPageTest@7c24b813]" started-at="2023-07-18T11:19:26 IST" name="setUp" finished-at="2023-07-18T11:19:35 IST" duration-ms="8786" status="PASS">
          <reporter-output>
          </reporter-output>
        </test-method> <!-- setUp -->
        <test-method signature="validateContactInfo()[pri:1, instance:TestLayer.LogPageTest@7c24b813]" started-at="2023-07-18T11:19:35 IST" name="validateContactInfo" finished-at="2023-07-18T11:19:37 IST" duration-ms="1990" status="PASS">
          <reporter-output>
          </reporter-output>
        </test-method> <!-- validateContactInfo -->
        <test-method signature="validMailingInfo()[pri:2, instance:TestLayer.LogPageTest@7c24b813]" started-at="2023-07-18T11:19:37 IST" name="validMailingInfo" finished-at="2023-07-18T11:19:37 IST" duration-ms="519" status="PASS">
          <reporter-output>
          </reporter-output>
        </test-method> <!-- validMailingInfo -->
        <test-method signature="validUserInfo()[pri:3, instance:TestLayer.LogPageTest@7c24b813]" started-at="2023-07-18T11:19:37 IST" name="validUserInfo" finished-at="2023-07-18T11:19:40 IST" duration-ms="2293" status="PASS">
          <reporter-output>
          </reporter-output>
        </test-method> <!-- validUserInfo -->
        <test-method is-config="true" signature="teraDown()[pri:0, instance:TestLayer.LogPageTest@7c24b813]" started-at="2023-07-18T11:19:40 IST" name="teraDown" finished-at="2023-07-18T11:19:40 IST" duration-ms="587" status="PASS">
          <reporter-output>
          </reporter-output>
        </test-method> <!-- teraDown -->
      </class> <!-- TestLayer.LogPageTest -->
    </test> <!-- Test -->
  </suite> <!-- Guru99 -->
</testng-results>
