<?xml version="1.0" encoding="UTF-8"?>
<!-- Generated by org.testng.reporters.JUnitXMLReporter -->
<testsuite ignored="0" hostname="SagarPC" failures="0" tests="10" name="Test" time="19.133" errors="0" timestamp="2023-07-17T12:36:06 IST">
  <testcase classname="Guru99.RegisterPageTestClass" name="validateURL" time="0.022"/>
  <testcase classname="Guru99.RegisterPageTestClass" name="validateTitle" time="0.032"/>
  <testcase classname="Guru99.RegisterPageTestClass" name="contactInformation" time="0.678"/>
  <testcase classname="Guru99.RegisterPageTestClass" name="mailingInformation" time="0.541"/>
  <testcase classname="Guru99.RegisterPageTestClass" name="userInformation" time="1.285"/>
  <testcase classname="Guru99.RegisterSucessTest" name="validateSuccessPageURL" time="0.018"/>
  <testcase classname="Guru99.RegisterSucessTest" name="userName" time="0.226"/>
  <testcase classname="Guru99.LoginPageTest" name="validateUserOnLoingPage" time="0.135"/>
  <testcase classname="Guru99.LoginPageTest" name="enterUserName" time="3.022"/>
  <testcase classname="Guru99.LoginPageTest" name="loginSucessful" time="0.065"/>
</testsuite> <!-- Test -->
