<?xml version="1.0" encoding="UTF-8"?>
<testng-results ignored="0" total="5" passed="5" failed="0" skipped="0">
  <reporter-output>
  </reporter-output>
  <suite started-at="2023-08-09T01:05:23 IST" name="Default suite" finished-at="2023-08-09T01:05:49 IST" duration-ms="25663">
    <groups>
    </groups>
    <test started-at="2023-08-09T01:05:23 IST" name="Default test" finished-at="2023-08-09T01:05:49 IST" duration-ms="25663">
      <class name="Assignment.InvocationCount">
        <test-method signature="abc()[pri:0, instance:Assignment.InvocationCount@47faa49c]" started-at="2023-08-09T01:05:23 IST" name="abc" finished-at="2023-08-09T01:05:34 IST" duration-ms="10881" status="PASS">
          <reporter-output>
          </reporter-output>
        </test-method> <!-- abc -->
        <test-method signature="abc()[pri:0, instance:Assignment.InvocationCount@47faa49c]" started-at="2023-08-09T01:05:23 IST" name="abc" finished-at="2023-08-09T01:05:34 IST" duration-ms="10898" status="PASS">
          <reporter-output>
          </reporter-output>
        </test-method> <!-- abc -->
        <test-method signature="abc()[pri:0, instance:Assignment.InvocationCount@47faa49c]" started-at="2023-08-09T01:05:34 IST" name="abc" finished-at="2023-08-09T01:05:44 IST" duration-ms="10212" status="PASS">
          <reporter-output>
          </reporter-output>
        </test-method> <!-- abc -->
        <test-method signature="abc()[pri:0, instance:Assignment.InvocationCount@47faa49c]" started-at="2023-08-09T01:05:34 IST" name="abc" finished-at="2023-08-09T01:05:44 IST" duration-ms="10132" status="PASS">
          <reporter-output>
          </reporter-output>
        </test-method> <!-- abc -->
        <test-method signature="abc()[pri:0, instance:Assignment.InvocationCount@47faa49c]" started-at="2023-08-09T01:05:44 IST" name="abc" finished-at="2023-08-09T01:05:49 IST" duration-ms="4585" status="PASS">
          <reporter-output>
          </reporter-output>
        </test-method> <!-- abc -->
      </class> <!-- Assignment.InvocationCount -->
    </test> <!-- Default test -->
  </suite> <!-- Default suite -->
</testng-results>
