<?xml version="1.0" encoding="UTF-8"?>
<!-- Generated by org.testng.reporters.JUnitXMLReporter -->
<testsuite ignored="0" hostname="SagarPC" failures="0" tests="3" name="Test" time="14.225" errors="0" timestamp="2023-07-18T11:19:40 IST">
  <testcase classname="TestLayer.LogPageTest" name="validateContactInfo" time="1.99"/>
  <testcase classname="TestLayer.LogPageTest" name="validMailingInfo" time="0.519"/>
  <testcase classname="TestLayer.LogPageTest" name="validUserInfo" time="2.293"/>
</testsuite> <!-- Test -->
