<?xml version="1.0" encoding="UTF-8"?>
<!-- Generated by org.testng.reporters.JUnitXMLReporter -->
<testsuite ignored="3" hostname="DESKTOP-4G6V73A" failures="0" tests="10" name="Test" time="68.123" errors="0" timestamp="2023-07-03T20:53:02 IST">
  <testcase classname="TestLayer.LoginPageTest" name="loginFunctionality" time="3.001"/>
  <testcase classname="TestLayer.HomePageTest" name="validateHomePageLogo" time="0.408"/>
  <testcase classname="TestLayer.HomePageTest" name="validateHomePageTitle" time="0.035"/>
  <testcase classname="TestLayer.HomePageTest" name="validateHomePageUrl" time="0.066"/>
  <testcase classname="TestLayer.PIMPageTest" name="addNewEmployee" time="8.335"/>
  <testcase classname="TestLayer.PIMPageTest" name="addMoreDetails" time="25.863"/>
  <testcase classname="TestLayer.PIMPageTest" name="searchEmployee" time="6.148"/>
  <testcase classname="TestLayer.AdminPageTest" name="addUser" time="0.001"/>
  <testcase classname="TestLayer.AdminPageTest" name="searchUser" time="0.002"/>
  <testcase classname="TestLayer.AdminPageTest" name="deleteUser" time="0.001"/>
  <testcase classname="TestLayer.HomePageTest" name="abc" time="0.0">
    <ignored/>
  </testcase> <!-- abc -->
  <testcase classname="TestLayer.PIMPageTest" name="deleteEmployee" time="0.0">
    <ignored/>
  </testcase> <!-- deleteEmployee -->
  <testcase classname="TestLayer.HomePageTest" name="xyz" time="0.0">
    <ignored/>
  </testcase> <!-- xyz -->
</testsuite> <!-- Test -->
