<?xml version="1.0" encoding="UTF-8"?>
<!-- Generated by org.testng.reporters.JUnitXMLReporter -->
<testsuite ignored="0" hostname="SagarPC" failures="0" tests="5" name="Default test" time="25.663" errors="0" timestamp="2023-08-09T01:05:49 IST">
  <testcase classname="Assignment.InvocationCount" name="abc" time="10.881"/>
  <testcase classname="Assignment.InvocationCount" name="abc" time="10.898"/>
  <testcase classname="Assignment.InvocationCount" name="abc" time="10.132"/>
  <testcase classname="Assignment.InvocationCount" name="abc" time="10.212"/>
  <testcase classname="Assignment.InvocationCount" name="abc" time="4.585"/>
</testsuite> <!-- Default test -->
