<?xml version="1.0" encoding="UTF-8"?>
<!-- Generated by org.testng.reporters.JUnitXMLReporter -->
<testsuite ignored="0" hostname="SagarPC" failures="0" tests="13" name="Test" time="71.242" errors="0" timestamp="2023-07-09T14:15:14 IST">
  <testcase classname="TestLayer.LoginPage" name="loginFunctionality" time="0.459"/>
  <testcase classname="TestLayer.HomePageTest" name="validateHomePageTitle" time="0.039"/>
  <testcase classname="TestLayer.HomePageTest" name="validateHomePageUrl" time="0.024"/>
  <testcase classname="TestLayer.ContactPageTest" name="validUserCreate" time="6.703"/>
  <testcase classname="TestLayer.ContactPageTest" name="validUserCreate" time="5.266"/>
  <testcase classname="TestLayer.ContactPageTest" name="validUserCreate" time="5.633"/>
  <testcase classname="TestLayer.ContactPageTest" name="validUserCreate" time="5.832"/>
  <testcase classname="TestLayer.ContactPageTest" name="validUserCreate" time="5.986"/>
  <testcase classname="TestLayer.ContactPageTest" name="validUserCreate" time="6.214"/>
  <testcase classname="TestLayer.ContactPageTest" name="validUserCreate" time="7.23"/>
  <testcase classname="TestLayer.ContactPageTest" name="validUserCreate" time="5.909"/>
  <testcase classname="TestLayer.ContactPageTest" name="validUserCreate" time="5.834"/>
  <testcase classname="TestLayer.ContactPageTest" name="validUserCreate" time="5.247"/>
</testsuite> <!-- Test -->
